0 info it worked if it ends with ok
1 verbose cli [ 'node',
1 verbose cli   '/usr/local/bin/npm',
1 verbose cli   'install',
1 verbose cli   'ng-animate',
1 verbose cli   '--save-dev' ]
2 info using npm@1.4.28
3 info using node@v0.10.32
4 warn package.json grunt-livereload-renewed@1.0.0 No description
5 warn package.json grunt-livereload-renewed@1.0.0 No repository field.
6 warn package.json grunt-livereload-renewed@1.0.0 No README data
7 verbose readDependencies using package.json deps
8 verbose cache add [ 'ng-animate', null ]
9 verbose cache add name=undefined spec="ng-animate" args=["ng-animate",null]
10 verbose parsed url { protocol: null,
10 verbose parsed url   slashes: null,
10 verbose parsed url   auth: null,
10 verbose parsed url   host: null,
10 verbose parsed url   port: null,
10 verbose parsed url   hostname: null,
10 verbose parsed url   hash: null,
10 verbose parsed url   search: null,
10 verbose parsed url   query: null,
10 verbose parsed url   pathname: 'ng-animate',
10 verbose parsed url   path: 'ng-animate',
10 verbose parsed url   href: 'ng-animate' }
11 silly lockFile c6902084-ng-animate ng-animate
12 verbose lock ng-animate /Users/miliwijeratne/.npm/c6902084-ng-animate.lock
13 silly lockFile c6902084-ng-animate ng-animate
14 silly lockFile c6902084-ng-animate ng-animate
15 verbose addNamed [ 'ng-animate', '' ]
16 verbose addNamed [ null, '*' ]
17 silly lockFile 63950807-ng-animate ng-animate@
18 verbose lock ng-animate@ /Users/miliwijeratne/.npm/63950807-ng-animate.lock
19 silly addNameRange { name: 'ng-animate', range: '*', hasData: false }
20 verbose request where is /ng-animate
21 verbose request registry https://registry.npmjs.org/
22 verbose request id 4a20b437bfb33faa
23 verbose url raw /ng-animate
24 verbose url resolving [ 'https://registry.npmjs.org/', './ng-animate' ]
25 verbose url resolved https://registry.npmjs.org/ng-animate
26 verbose request where is https://registry.npmjs.org/ng-animate
27 info trying registry request attempt 1 at 16:57:26
28 http GET https://registry.npmjs.org/ng-animate
29 http 404 https://registry.npmjs.org/ng-animate
30 verbose headers { server: 'CouchDB/1.5.0 (Erlang OTP/R16B03)',
30 verbose headers   'content-type': 'application/json',
30 verbose headers   'cache-control': 'max-age=0',
30 verbose headers   'content-length': '51',
30 verbose headers   'accept-ranges': 'bytes',
30 verbose headers   date: 'Sun, 28 Jun 2015 06:57:26 GMT',
30 verbose headers   via: '1.1 varnish',
30 verbose headers   age: '0',
30 verbose headers   connection: 'keep-alive',
30 verbose headers   'x-served-by': 'cache-mel6521-MEL',
30 verbose headers   'x-cache': 'MISS',
30 verbose headers   'x-cache-hits': '0',
30 verbose headers   'x-timer': 'S1435474645.342638,VS0,VE830' }
31 silly registry.get cb [ 404,
31 silly registry.get   { server: 'CouchDB/1.5.0 (Erlang OTP/R16B03)',
31 silly registry.get     'content-type': 'application/json',
31 silly registry.get     'cache-control': 'max-age=0',
31 silly registry.get     'content-length': '51',
31 silly registry.get     'accept-ranges': 'bytes',
31 silly registry.get     date: 'Sun, 28 Jun 2015 06:57:26 GMT',
31 silly registry.get     via: '1.1 varnish',
31 silly registry.get     age: '0',
31 silly registry.get     connection: 'keep-alive',
31 silly registry.get     'x-served-by': 'cache-mel6521-MEL',
31 silly registry.get     'x-cache': 'MISS',
31 silly registry.get     'x-cache-hits': '0',
31 silly registry.get     'x-timer': 'S1435474645.342638,VS0,VE830' } ]
32 silly lockFile 63950807-ng-animate ng-animate@
33 silly lockFile 63950807-ng-animate ng-animate@
34 error 404 404 Not Found: ng-animate
34 error 404
34 error 404 'ng-animate' is not in the npm registry.
34 error 404 You should bug the author to publish it
34 error 404 It was specified as a dependency of 'grunt-livereload-renewed'
34 error 404
34 error 404 Note that you can also install from a
34 error 404 tarball, folder, or http url, or git url.
35 error System Darwin 14.3.0
36 error command "node" "/usr/local/bin/npm" "install" "ng-animate" "--save-dev"
37 error cwd /Users/miliwijeratne/Sites/frontend/learning-angular
38 error node -v v0.10.32
39 error npm -v 1.4.28
40 error code E404
41 verbose exit [ 1, true ]
